<?xml version="1.0" encoding="UTF-8"?>
<!-- Generated by org.testng.reporters.JUnitReportReporter -->
<testsuite hostname="DESKTOP-KTE0DHI" failures="0" tests="2" name="com.creatio.crm.application.tests.AplicationTest" time="22.560" errors="0" timestamp="2025-05-04T08:07:04 IST" skipped="0">
  <testcase classname="com.creatio.crm.application.tests.AplicationTest" name="verifySigninPage" time="7.076"/>
  <system-out/>
  <testcase classname="com.creatio.crm.application.tests.AplicationTest" name="verifySigninPage" time="15.484"/>
  <system-out/>
</testsuite> <!-- com.creatio.crm.application.tests.AplicationTest -->
